<?xml version="1.0" encoding="UTF-8"?>
<robot generator="Robot 5.0.1 (Python 3.10.4 on win32)" generated="20220705 22:13:25.364" rpa="false" schemaversion="3">
<suite id="s1" name="Compra" source="C:\Users\lynna\PycharmProjects\134_robot_framework\compra.robot">
<test id="s1-t1" name="Compra de Passagem" line="14">
<kw name="Dado que acesso o site Blazedemo">
<kw name="Open Browser" library="SeleniumLibrary">
<arg>${url}</arg>
<arg>${browser}</arg>
<doc>Opens a new browser instance to the optional ``url``.</doc>
<msg timestamp="20220705 22:13:25.704" level="INFO">Opening browser 'Chrome' to base url 'https://www.blazedemo.com'.</msg>
<status status="PASS" starttime="20220705 22:13:25.704" endtime="20220705 22:13:31.002"/>
</kw>
<kw name="Wait Until Element Is Visible" library="SeleniumLibrary">
<arg>xpath = //h1</arg>
<arg>10000ms</arg>
<doc>Waits until the element ``locator`` is visible.</doc>
<status status="PASS" starttime="20220705 22:13:31.002" endtime="20220705 22:13:31.052"/>
</kw>
<kw name="Wait Until Element Contains" library="SeleniumLibrary">
<arg>xpath = //h1</arg>
<arg>Welcome to the Simple Travel Agency!</arg>
<arg>10000ms</arg>
<doc>Waits until the element ``locator`` contains ``text``.</doc>
<status status="PASS" starttime="20220705 22:13:31.052" endtime="20220705 22:13:31.085"/>
</kw>
<kw name="Wait For Condition" library="SeleniumLibrary">
<arg>return document.title == "BlazeDemo"</arg>
<arg>10000ms</arg>
<doc>Waits until ``condition`` is true or ``timeout`` expires.</doc>
<status status="PASS" starttime="20220705 22:13:31.086" endtime="20220705 22:13:31.093"/>
</kw>
<status status="PASS" starttime="20220705 22:13:25.703" endtime="20220705 22:13:31.093"/>
</kw>
<kw name="Quando seleciono a origem como &quot;São Paolo&quot; e destino como &quot;New York&quot;" sourcename="Quando seleciono a origem como &quot;${origem}&quot; e destino como &quot;${destino}&quot;">
<kw name="Set Test Variable" library="BuiltIn">
<arg>${origem}</arg>
<doc>Makes a variable available everywhere within the scope of the current test.</doc>
<msg timestamp="20220705 22:13:31.095" level="INFO">${origem} = São Paolo</msg>
<status status="PASS" starttime="20220705 22:13:31.095" endtime="20220705 22:13:31.095"/>
</kw>
<kw name="Set Test Variable" library="BuiltIn">
<arg>${destino}</arg>
<doc>Makes a variable available everywhere within the scope of the current test.</doc>
<msg timestamp="20220705 22:13:31.096" level="INFO">${destino} = New York</msg>
<status status="PASS" starttime="20220705 22:13:31.096" endtime="20220705 22:13:31.096"/>
</kw>
<kw name="Select From List By Label" library="SeleniumLibrary">
<arg>name = fromPort</arg>
<arg>${origem}</arg>
<doc>Selects options from selection list ``locator`` by ``labels``.</doc>
<msg timestamp="20220705 22:13:31.097" level="INFO">Selecting options from selection list 'name = fromPort' by label São Paolo.</msg>
<status status="PASS" starttime="20220705 22:13:31.097" endtime="20220705 22:13:31.190"/>
</kw>
<kw name="Select From List By Label" library="SeleniumLibrary">
<arg>name = toPort</arg>
<arg>${destino}</arg>
<doc>Selects options from selection list ``locator`` by ``labels``.</doc>
<msg timestamp="20220705 22:13:31.190" level="INFO">Selecting options from selection list 'name = toPort' by label New York.</msg>
<status status="PASS" starttime="20220705 22:13:31.190" endtime="20220705 22:13:31.276"/>
</kw>
<status status="PASS" starttime="20220705 22:13:31.094" endtime="20220705 22:13:31.276"/>
</kw>
<kw name="E clico no botao Find Flights">
<kw name="Click Button" library="SeleniumLibrary">
<arg>class = btn.btn-primary</arg>
<doc>Clicks the button identified by ``locator``.</doc>
<msg timestamp="20220705 22:13:31.277" level="INFO">Clicking button 'class = btn.btn-primary'.</msg>
<status status="PASS" starttime="20220705 22:13:31.277" endtime="20220705 22:13:32.220"/>
</kw>
<status status="PASS" starttime="20220705 22:13:31.277" endtime="20220705 22:13:32.220"/>
</kw>
<kw name="Entao exibe o titulo informando a origem e o destino">
<kw name="Element Should Contain" library="SeleniumLibrary">
<arg>xpath = //h3</arg>
<arg>Flights from ${origem} to ${destino}</arg>
<doc>Verifies that element ``locator`` contains text ``expected``.</doc>
<msg timestamp="20220705 22:13:32.281" level="INFO">Element 'xpath = //h3' contains text 'Flights from São Paolo to New York'.</msg>
<status status="PASS" starttime="20220705 22:13:32.224" endtime="20220705 22:13:32.282"/>
</kw>
<status status="PASS" starttime="20220705 22:13:32.223" endtime="20220705 22:13:32.282"/>
</kw>
<kw name="Quando seleciono o primeiro voo">
<kw name="Click Button" library="SeleniumLibrary">
<arg>class = btn.btn-small</arg>
<doc>Clicks the button identified by ``locator``.</doc>
<msg timestamp="20220705 22:13:32.284" level="INFO">Clicking button 'class = btn.btn-small'.</msg>
<status status="PASS" starttime="20220705 22:13:32.284" endtime="20220705 22:13:32.730"/>
</kw>
<kw name="Close Browser" library="SeleniumLibrary">
<doc>Closes the current browser.</doc>
<status status="PASS" starttime="20220705 22:13:32.731" endtime="20220705 22:13:35.069"/>
</kw>
<status status="PASS" starttime="20220705 22:13:32.283" endtime="20220705 22:13:35.069"/>
</kw>
<tag>SMOKE</tag>
<status status="PASS" starttime="20220705 22:13:25.702" endtime="20220705 22:13:35.073"/>
</test>
<doc>Fluxo de compra no site Blazedemo</doc>
<status status="PASS" starttime="20220705 22:13:25.367" endtime="20220705 22:13:35.079"/>
</suite>
<statistics>
<total>
<stat pass="1" fail="0" skip="0">All Tests</stat>
</total>
<tag>
<stat pass="1" fail="0" skip="0">SMOKE</stat>
</tag>
<suite>
<stat pass="1" fail="0" skip="0" id="s1" name="Compra">Compra</stat>
</suite>
</statistics>
<errors>
</errors>
</robot>
